<?xml version="1.0" encoding="UTF-8"?>
<!-- Generated by org.testng.reporters.JUnitReportReporter -->
<testsuite hostname="Deadpool" failures="0" tests="1" name="com.webappsecurity.zero.Test.VerifyFundTransferTest" time="24.459" errors="0" timestamp="2020-08-24T14:22:45 EDT" skipped="0">
  <testcase classname="com.webappsecurity.zero.Test.VerifyFundTransferTest" name="verifyFundTransfer" time="24.459"/>
</testsuite> <!-- com.webappsecurity.zero.Test.VerifyFundTransferTest -->
